2017/10/29 16:07:20 繧ｿ繧､繝繝ｩ繧､繝ｳ蝓ｺ譛ｬ諠蝣ｱ蜿門ｾ励お繝ｩ繝ｼ[sql=select category_id from contact where id = :contact_id limit 1][ContactDB.php:82]
2017/10/29 16:07:28 繧ｿ繧､繝繝ｩ繧､繝ｳ蝓ｺ譛ｬ諠蝣ｱ蜿門ｾ励お繝ｩ繝ｼ[sql=select category_id from contact where id = :contact_id limit 1][ContactDB.php:82]
2017/10/29 16:07:35 繧ｿ繧､繝繝ｩ繧､繝ｳ蝓ｺ譛ｬ諠蝣ｱ蜿門ｾ励お繝ｩ繝ｼ[sql=select category_id from contact where id = :contact_id limit 1][ContactDB.php:82]
2017/10/29 16:09:15 繧ｿ繧､繝繝ｩ繧､繝ｳ蝓ｺ譛ｬ諠蝣ｱ蜿門ｾ励お繝ｩ繝ｼ[sql=select category_id from contact where id = :contact_id limit 1][ContactDB.php:82]
2017/10/29 16:10:00 繧ｿ繧､繝繝ｩ繧､繝ｳ蝓ｺ譛ｬ諠蝣ｱ蜿門ｾ励お繝ｩ繝ｼ[sql=select category_id from contact where id = :contact_id limit 1][ContactDB.php:82]
2017/10/29 16:10:01 繧ｿ繧､繝繝ｩ繧､繝ｳ蝓ｺ譛ｬ諠蝣ｱ蜿門ｾ励お繝ｩ繝ｼ[sql=select category_id from contact where id = :contact_id limit 1][ContactDB.php:82]
2017/10/29 16:10:21 繧ｿ繧､繝繝ｩ繧､繝ｳ蝓ｺ譛ｬ諠蝣ｱ蜿門ｾ励お繝ｩ繝ｼ[sql=select category_id from contact where id = :contact_id limit 1][ContactDB.php:82]
2017/10/29 16:10:30 繧ｿ繧､繝繝ｩ繧､繝ｳ蝓ｺ譛ｬ諠蝣ｱ蜿門ｾ励お繝ｩ繝ｼ[sql=select category_id from contact where id = :contact_id limit 1][ContactDB.php:82]
2017/10/29 16:11:38 繧ｿ繧､繝繝ｩ繧､繝ｳ蝓ｺ譛ｬ諠蝣ｱ蜿門ｾ励お繝ｩ繝ｼ[sql=select category_id from contact where id = :contact_id limit 1][ContactDB.php:82]
2017/10/29 16:12:40 繧ｿ繧､繝繝ｩ繧､繝ｳ蝓ｺ譛ｬ諠蝣ｱ蜿門ｾ励お繝ｩ繝ｼ[sql=select category_id from contact where id = :contact_id limit 1][ContactDB.php:82]
2017/10/29 16:12:48 繧ｿ繧､繝繝ｩ繧､繝ｳ蝓ｺ譛ｬ諠蝣ｱ蜿門ｾ励お繝ｩ繝ｼ[sql=select category_id from contact where id = :contact_id limit 1][ContactDB.php:82]
2017/10/29 16:16:16 繧ｿ繧､繝繝ｩ繧､繝ｳ蝓ｺ譛ｬ諠蝣ｱ蜿門ｾ励お繝ｩ繝ｼ[sql=select category_id from contact where id = :contact_id limit 1][ContactDB.php:82]
2017/10/29 16:18:38 繧ｿ繧､繝繝ｩ繧､繝ｳ蝓ｺ譛ｬ諠蝣ｱ蜿門ｾ励お繝ｩ繝ｼ[sql=select category_id from contact where id = :contact_id limit 1][ContactDB.php:82]
2017/10/29 16:18:39 繧ｿ繧､繝繝ｩ繧､繝ｳ蝓ｺ譛ｬ諠蝣ｱ蜿門ｾ励お繝ｩ繝ｼ[sql=select category_id from contact where id = :contact_id limit 1][ContactDB.php:82]
2017/10/29 16:19:49 繧ｿ繧､繝繝ｩ繧､繝ｳ蝓ｺ譛ｬ諠蝣ｱ蜿門ｾ励お繝ｩ繝ｼ[sql=select category_id from contact where id = :contact_id limit 1][ContactDB.php:82]
2017/10/29 16:21:15 繧ｿ繧､繝繝ｩ繧､繝ｳ蝓ｺ譛ｬ諠蝣ｱ蜿門ｾ励お繝ｩ繝ｼ[sql=select category_id from contact where id = :contact_id limit 1][ContactDB.php:82]
2017/10/29 16:21:20 繧ｿ繧､繝繝ｩ繧､繝ｳ蝓ｺ譛ｬ諠蝣ｱ蜿門ｾ励お繝ｩ繝ｼ[sql=select category_id from contact where id = :contact_id limit 1][ContactDB.php:82]
2017/10/29 16:21:47 繧ｿ繧､繝繝ｩ繧､繝ｳ蝓ｺ譛ｬ諠蝣ｱ蜿門ｾ励お繝ｩ繝ｼ[sql=select category_id from contact where id = :contact_id limit 1][ContactDB.php:82]
2017/10/29 16:21:50 繧ｿ繧､繝繝ｩ繧､繝ｳ蝓ｺ譛ｬ諠蝣ｱ蜿門ｾ励お繝ｩ繝ｼ[sql=select category_id from contact where id = :contact_id limit 1][ContactDB.php:82]
2017/10/29 16:22:38 繧ｿ繧､繝繝ｩ繧､繝ｳ蝓ｺ譛ｬ諠蝣ｱ蜿門ｾ励お繝ｩ繝ｼ[sql=select category_id from contact where id = :contact_id limit 1][ContactDB.php:82]
2017/10/29 16:23:01 繧ｿ繧､繝繝ｩ繧､繝ｳ蝓ｺ譛ｬ諠蝣ｱ蜿門ｾ励お繝ｩ繝ｼ[sql=select category_id from contact where id = :contact_id limit 1][ContactDB.php:82]
2017/10/29 16:23:07 繧ｿ繧､繝繝ｩ繧､繝ｳ蝓ｺ譛ｬ諠蝣ｱ蜿門ｾ励お繝ｩ繝ｼ[sql=select category_id from contact where id = :contact_id limit 1][ContactDB.php:82]
2017/10/29 16:23:58 繧ｿ繧､繝繝ｩ繧､繝ｳ蝓ｺ譛ｬ諠蝣ｱ蜿門ｾ励お繝ｩ繝ｼ[sql=select category_id from contact where id = :contact_id limit 1][ContactDB.php:82]
2017/10/29 16:24:12 繧ｿ繧､繝繝ｩ繧､繝ｳ蝓ｺ譛ｬ諠蝣ｱ蜿門ｾ励お繝ｩ繝ｼ[sql=select category_id from contact where id = :contact_id limit 1][ContactDB.php:82]
2017/10/29 16:24:20 繧ｿ繧､繝繝ｩ繧､繝ｳ蝓ｺ譛ｬ諠蝣ｱ蜿門ｾ励お繝ｩ繝ｼ[sql=select category_id from contact where id = :contact_id limit 1][ContactDB.php:82]
2017/10/29 16:26:31 繧ｿ繧､繝繝ｩ繧､繝ｳ蝓ｺ譛ｬ諠蝣ｱ蜿門ｾ励お繝ｩ繝ｼ[sql=select category_id from contact where id = :contact_id limit 1][ContactDB.php:82]
2017/10/29 16:27:00 繧ｿ繧､繝繝ｩ繧､繝ｳ蝓ｺ譛ｬ諠蝣ｱ蜿門ｾ励お繝ｩ繝ｼ[sql=select category_id from contact where id = :contact_id limit 1][ContactDB.php:82]
2017/10/29 16:27:34 繧ｿ繧､繝繝ｩ繧､繝ｳ蝓ｺ譛ｬ諠蝣ｱ蜿門ｾ励お繝ｩ繝ｼ[sql=select category_id from contact where id = :contact_id limit 1][ContactDB.php:82]
2017/10/29 16:27:50 繧ｿ繧､繝繝ｩ繧､繝ｳ蝓ｺ譛ｬ諠蝣ｱ蜿門ｾ励お繝ｩ繝ｼ[sql=select category_id from contact where id = :contact_id limit 1][ContactDB.php:82]
2017/10/29 16:29:32 繧ｿ繧､繝繝ｩ繧､繝ｳ蝓ｺ譛ｬ諠蝣ｱ蜿門ｾ励お繝ｩ繝ｼ[sql=select category_id from contact where id = :contact_id limit 1][ContactDB.php:82]
2017/10/29 16:29:34 繧ｿ繧､繝繝ｩ繧､繝ｳ蝓ｺ譛ｬ諠蝣ｱ蜿門ｾ励お繝ｩ繝ｼ[sql=select category_id from contact where id = :contact_id limit 1][ContactDB.php:82]
2017/10/29 16:37:35 繧ｿ繧､繝繝ｩ繧､繝ｳ蝓ｺ譛ｬ諠蝣ｱ蜿門ｾ励お繝ｩ繝ｼ[sql=select category_id from contact where id = :contact_id limit 1][ContactDB.php:82]
2017/10/29 16:38:14 繧ｿ繧､繝繝ｩ繧､繝ｳ蝓ｺ譛ｬ諠蝣ｱ蜿門ｾ励お繝ｩ繝ｼ[sql=select category_id from contact where id = :contact_id limit 1][ContactDB.php:82]
2017/10/29 16:46:40 繧ｿ繧､繝繝ｩ繧､繝ｳ蝓ｺ譛ｬ諠蝣ｱ蜿門ｾ励お繝ｩ繝ｼ[sql=select category_id from contact where id = :contact_id limit 1][ContactDB.php:82]
2017/10/29 16:48:27 繧ｿ繧､繝繝ｩ繧､繝ｳ蝓ｺ譛ｬ諠蝣ｱ蜿門ｾ励お繝ｩ繝ｼ[sql=select category_id from contact where id = :contact_id limit 1][ContactDB.php:82]
2017/10/29 16:49:09 繧ｿ繧､繝繝ｩ繧､繝ｳ蝓ｺ譛ｬ諠蝣ｱ蜿門ｾ励お繝ｩ繝ｼ[sql=select category_id from contact where id = :contact_id limit 1][ContactDB.php:82]
2017/10/29 16:50:44 繧ｿ繧､繝繝ｩ繧､繝ｳ蝓ｺ譛ｬ諠蝣ｱ蜿門ｾ励お繝ｩ繝ｼ[sql=select category_id from contact where id = :contact_id limit 1][ContactDB.php:82]
2017/10/29 16:51:19 繧ｿ繧､繝繝ｩ繧､繝ｳ蝓ｺ譛ｬ諠蝣ｱ蜿門ｾ励お繝ｩ繝ｼ[sql=select category_id from contact where id = :contact_id limit 1][ContactDB.php:82]
2017/10/29 16:52:30 繧ｿ繧､繝繝ｩ繧､繝ｳ蝓ｺ譛ｬ諠蝣ｱ蜿門ｾ励お繝ｩ繝ｼ[sql=select category_id from contact where id = :contact_id limit 1][ContactDB.php:82]
2017/10/29 16:54:40 繧ｿ繧､繝繝ｩ繧､繝ｳ蝓ｺ譛ｬ諠蝣ｱ蜿門ｾ励お繝ｩ繝ｼ[sql=select category_id from contact where id = :contact_id limit 1][ContactDB.php:82]
2017/10/29 16:55:12 繧ｿ繧､繝繝ｩ繧､繝ｳ蝓ｺ譛ｬ諠蝣ｱ蜿門ｾ励お繝ｩ繝ｼ[sql=select category_id from contact where id = :contact_id limit 1][ContactDB.php:82]
2017/10/29 16:55:44 繧ｿ繧､繝繝ｩ繧､繝ｳ蝓ｺ譛ｬ諠蝣ｱ蜿門ｾ励お繝ｩ繝ｼ[sql=select category_id from contact where id = :contact_id limit 1][ContactDB.php:82]
2017/10/29 16:55:50 繧ｿ繧､繝繝ｩ繧､繝ｳ蝓ｺ譛ｬ諠蝣ｱ蜿門ｾ励お繝ｩ繝ｼ[sql=select category_id from contact where id = :contact_id limit 1][ContactDB.php:82]
2017/10/29 19:58:44 繧､繝ｳ繝昴ｼ繝医お繝ｩ繝ｼ[sql=insert into budget (user_id, date, journal_id,  price, summary, created_at) values (:user_id, :date, :journal_id, :price, :summary, now()), (:user_id, :date, :journal_id, :price, :summary, now()), (:user_id, :date, :journal_id, :price, :summary, now()), (:user_id, :date, :journal_id, :price, :summary, now()), (:user_id, :date, :journal_id, :price, :summary, now()), (:user_id, :date, :journal_id, :price, :summary, now()), (:user_id, :date, :journal_id, :price, :summary, now()), (:user_id, :date, :journal_id, :price, :summary, now()), (:user_id, :date, :journal_id, :price, :summary, now()), (:user_id, :date, :journal_id, :price, :summary, now())][BudgetDB.php:122]
2017/10/29 20:00:44 繧､繝ｳ繝昴ｼ繝医お繝ｩ繝ｼ[sql=insert into budget (user_id, date, journal_id,  price, summary, created_at) values (:user_id, :date, :journal_id, :price, :summary, now()), (:user_id, :date, :journal_id, :price, :summary, now()), (:user_id, :date, :journal_id, :price, :summary, now()), (:user_id, :date, :journal_id, :price, :summary, now()), (:user_id, :date, :journal_id, :price, :summary, now()), (:user_id, :date, :journal_id, :price, :summary, now()), (:user_id, :date, :journal_id, :price, :summary, now()), (:user_id, :date, :journal_id, :price, :summary, now()), (:user_id, :date, :journal_id, :price, :summary, now()), (:user_id, :date, :journal_id, :price, :summary, now())][BudgetDB.php:122]
2017/10/29 20:07:45 繧､繝ｳ繝昴ｼ繝医お繝ｩ繝ｼ[sql=insert into budget (user_id, date, journal_id,  price, summary, created_at) values (:user_id0, :date0, :journal_id0, :price0, :summary0, now()), (:user_id1, :date1, :journal_id1, :price1, :summary1, now()), (:user_id2, :date2, :journal_id2, :price2, :summary2, now()), (:user_id3, :date3, :journal_id3, :price3, :summary3, now()), (:user_id4, :date4, :journal_id4, :price4, :summary4, now()), (:user_id5, :date5, :journal_id5, :price5, :summary5, now()), (:user_id6, :date6, :journal_id6, :price6, :summary6, now()), (:user_id7, :date7, :journal_id7, :price7, :summary7, now()), (:user_id8, :date8, :journal_id8, :price8, :summary8, now()), (:user_id9, :date9, :journal_id9, :price9, :summary9, now()), (:user_id10, :date10, :journal_id10, :price10, :summary10, now()), (:user_id11, :date11, :journal_id11, :price11, :summary11, now()), (:user_id12, :date12, :journal_id12, :price12, :summary12, now()), (:user_id13, :date13, :journal_id13, :price13, :summary13, now()), (:user_id14, :date14, :journal_id14, :price14, :summary14, now()), (:user_id15, :date15, :journal_id15, :price15, :summary15, now()), (:user_id16, :date16, :journal_id16, :price16, :summary16, now()), (:user_id17, :date17, :journal_id17, :price17, :summary17, now()), (:user_id18, :date18, :journal_id18, :price18, :summary18, now()), (:user_id19, :date19, :journal_id19, :price19, :summary19, now()), (:user_id20, :date20, :journal_id20, :price20, :summary20, now()), (:user_id21, :date21, :journal_id21, :price21, :summary21, now()), (:user_id22, :date22, :journal_id22, :price22, :summary22, now()), (:user_id23, :date23, :journal_id23, :price23, :summary23, now()), (:user_id24, :date24, :journal_id24, :price24, :summary24, now()), (:user_id25, :date25, :journal_id25, :price25, :summary25, now()), (:user_id26, :date26, :journal_id26, :price26, :summary26, now()), (:user_id27, :date27, :journal_id27, :price27, :summary27, now()), (:user_id28, :date28, :journal_id28, :price28, :summary28, now()), (:user_id29, :date29, :journal_id29, :price29, :summary29, now())][BudgetDB.php:124]
2017/10/29 20:10:09 繧､繝ｳ繝昴ｼ繝医お繝ｩ繝ｼ[sql=insert into budget (user_id, date, journal_id,  price, summary, created_at) values (:user_id0, :date0, :journal_id0, :price0, :summary0, now()),  (:user_id1, :date1, :journal_id1, :price1, :summary1, now()),  (:user_id2, :date2, :journal_id2, :price2, :summary2, now()),  (:user_id3, :date3, :journal_id3, :price3, :summary3, now()),  (:user_id4, :date4, :journal_id4, :price4, :summary4, now()),  (:user_id5, :date5, :journal_id5, :price5, :summary5, now()),  (:user_id6, :date6, :journal_id6, :price6, :summary6, now()),  (:user_id7, :date7, :journal_id7, :price7, :summary7, now()),  (:user_id8, :date8, :journal_id8, :price8, :summary8, now()),  (:user_id9, :date9, :journal_id9, :price9, :summary9, now()),  (:user_id10, :date10, :journal_id10, :price10, :summary10, now()),  (:user_id11, :date11, :journal_id11, :price11, :summary11, now()),  (:user_id12, :date12, :journal_id12, :price12, :summary12, now()),  (:user_id13, :date13, :journal_id13, :price13, :summary13, now()),  (:user_id14, :date14, :journal_id14, :price14, :summary14, now()),  (:user_id15, :date15, :journal_id15, :price15, :summary15, now()),  (:user_id16, :date16, :journal_id16, :price16, :summary16, now()),  (:user_id17, :date17, :journal_id17, :price17, :summary17, now()),  (:user_id18, :date18, :journal_id18, :price18, :summary18, now()),  (:user_id19, :date19, :journal_id19, :price19, :summary19, now()),  (:user_id20, :date20, :journal_id20, :price20, :summary20, now()),  (:user_id21, :date21, :journal_id21, :price21, :summary21, now()),  (:user_id22, :date22, :journal_id22, :price22, :summary22, now()),  (:user_id23, :date23, :journal_id23, :price23, :summary23, now()),  (:user_id24, :date24, :journal_id24, :price24, :summary24, now()),  (:user_id25, :date25, :journal_id25, :price25, :summary25, now()),  (:user_id26, :date26, :journal_id26, :price26, :summary26, now()),  (:user_id27, :date27, :journal_id27, :price27, :summary27, now()),  (:user_id28, :date28, :journal_id28, :price28, :summary28, now()),  (:user_id29, :date29, :journal_id29, :price29, :summary29, now())][BudgetDB.php:123]
2017/10/29 20:10:37 繧､繝ｳ繝昴ｼ繝医お繝ｩ繝ｼ[sql=insert into budget (user_id, date, journal_id,  price, summary, created_at) values (:user_id0, :date0, :journal_id0, :price0, :summary0, now()),  (:user_id1, :date1, :journal_id1, :price1, :summary1, now()),  (:user_id2, :date2, :journal_id2, :price2, :summary2, now()),  (:user_id3, :date3, :journal_id3, :price3, :summary3, now()),  (:user_id4, :date4, :journal_id4, :price4, :summary4, now()),  (:user_id5, :date5, :journal_id5, :price5, :summary5, now()),  (:user_id6, :date6, :journal_id6, :price6, :summary6, now()),  (:user_id7, :date7, :journal_id7, :price7, :summary7, now()),  (:user_id8, :date8, :journal_id8, :price8, :summary8, now()),  (:user_id9, :date9, :journal_id9, :price9, :summary9, now()),  (:user_id10, :date10, :journal_id10, :price10, :summary10, now()),  (:user_id11, :date11, :journal_id11, :price11, :summary11, now()),  (:user_id12, :date12, :journal_id12, :price12, :summary12, now()),  (:user_id13, :date13, :journal_id13, :price13, :summary13, now()),  (:user_id14, :date14, :journal_id14, :price14, :summary14, now()),  (:user_id15, :date15, :journal_id15, :price15, :summary15, now()),  (:user_id16, :date16, :journal_id16, :price16, :summary16, now()),  (:user_id17, :date17, :journal_id17, :price17, :summary17, now()),  (:user_id18, :date18, :journal_id18, :price18, :summary18, now()),  (:user_id19, :date19, :journal_id19, :price19, :summary19, now()),  (:user_id20, :date20, :journal_id20, :price20, :summary20, now()),  (:user_id21, :date21, :journal_id21, :price21, :summary21, now()),  (:user_id22, :date22, :journal_id22, :price22, :summary22, now()),  (:user_id23, :date23, :journal_id23, :price23, :summary23, now()),  (:user_id24, :date24, :journal_id24, :price24, :summary24, now()),  (:user_id25, :date25, :journal_id25, :price25, :summary25, now()),  (:user_id26, :date26, :journal_id26, :price26, :summary26, now()),  (:user_id27, :date27, :journal_id27, :price27, :summary27, now()),  (:user_id28, :date28, :journal_id28, :price28, :summary28, now()),  (:user_id29, :date29, :journal_id29, :price29, :summary29, now())][BudgetDB.php:123]
2017/10/29 20:13:56 繧､繝ｳ繝昴ｼ繝医お繝ｩ繝ｼ[sql=insert into budget (user_id, date, journal_id,  price, summary, created_at) values (:user_id0, :date0, :journal_id0, :price0, :summary0, now())][BudgetDB.php:123]
2017/10/29 20:14:08 繧､繝ｳ繝昴ｼ繝医お繝ｩ繝ｼ[sql=insert into budget (user_id, date, journal_id,  price, summary, created_at) values (:user_id0, :date0, :journal_id0, :price0, :summary0, now())][BudgetDB.php:123]
2017/10/29 20:17:49 繧､繝ｳ繝昴ｼ繝医お繝ｩ繝ｼ[sql=insert into budget (user_id, date, journal_id,  price, summary, created_at) values (:user_id0, :date0, :journal_id0, :price0, :summary0, now())][BudgetDB.php:123]
2017/10/29 20:21:45 繧､繝ｳ繝昴ｼ繝医お繝ｩ繝ｼ[sql=insert into budget (user_id, date, journal_id,  price, summary, created_at) values (:user_id0, :date0, :journal_id0, :price0, :summary0, now())][BudgetDB.php:123]
2017/10/29 20:26:57 繧､繝ｳ繝昴ｼ繝医お繝ｩ繝ｼ[sql=insert into budget (user_id, date, journal_id,  price, summary, created_at) values (:user_id0, :date0, :journal_id0, :price0, :summary0, now())][BudgetDB.php:124]
2017/10/29 20:27:46 繧､繝ｳ繝昴ｼ繝医お繝ｩ繝ｼ[sql=insert into budget (user_id, date, journal_id,  price, summary, created_at) values (:user_id0, :date0, :journal_id0, :price0, :summary0, now())][BudgetDB.php:124]
2017/10/29 20:28:40 繧､繝ｳ繝昴ｼ繝医お繝ｩ繝ｼ[sql=insert into budget (user_id, date, journal_id,  price, summary, created_at) values (:user_id0, :date0, :journal_id0, :price0, :summary0, now())][BudgetDB.php:124]
2017/10/29 21:07:14 繧､繝ｳ繝昴ｼ繝医お繝ｩ繝ｼ[sql=insert into budget (user_id, date, journal_id,  price, summary, created_at) values (:user_id0, :date0, :journal_id0, :price,0 :summary0, now())][BudgetDB.php:134]
2017/10/29 21:17:12 繧､繝ｳ繝昴ｼ繝医お繝ｩ繝ｼ[sql=insert into budget (user_id, date, journal_id,  price, summary, created_at) values (:user_id0, :date0, :journal_id0, :price0, :summary0, now())][BudgetDB.php:124]
2017/10/29 21:21:32 繧､繝ｳ繝昴ｼ繝医お繝ｩ繝ｼ[sql=insert into budget (user_id, date, journal_id,  price, summary, created_at) values (:user_id0, :date0, :journal_id0, :price0, :summary0, now())][BudgetDB.php:132]
2017/10/29 21:34:48 繧､繝ｳ繝昴ｼ繝医お繝ｩ繝ｼ[sql=insert into budget (user_id, date, journal_id,  price, summary, created_at) values (:user_id0, :date0, :journal_id0, :price0, :summary0, now())][BudgetDB.php:124]
2017/10/29 21:35:06 繧､繝ｳ繝昴ｼ繝医お繝ｩ繝ｼ[sql=insert into budget (user_id, date, journal_id,  price, summary, created_at) values (:user_id0, :date0, :journal_id0, :price0, :summary0, now())][BudgetDB.php:124]
2017/10/29 21:48:45 繧､繝ｳ繝昴ｼ繝医お繝ｩ繝ｼ[sql=insert into budget (user_id, date, journal_id,  price, summary, created_at) values][BudgetDB.php:124]
2017/10/29 21:50:05 繧､繝ｳ繝昴ｼ繝医お繝ｩ繝ｼ[sql=insert into budget (user_id, date, journal_id,  price, summary, created_at) values (:user_id0, :date0, :journal_id0, :price0, :summary0, now())][BudgetDB.php:129]
2017/10/29 21:51:02 繧､繝ｳ繝昴ｼ繝医お繝ｩ繝ｼ[sql=insert into budget (user_id, date, journal_id,  price, summary, created_at) values (:user_id0, :date0, :journal_id0, :price0, :summary0, now())][BudgetDB.php:129]
2017/10/29 21:52:22 繧､繝ｳ繝昴ｼ繝医お繝ｩ繝ｼ[sql=insert into budget (user_id, date, journal_id,  price, summary, created_at) values (:user_id0, :date0, :journal_id0, :price0, :summary0, now())][BudgetDB.php:129]
2017/10/30 02:20:58 邂｡逅閠逕ｨ霑比ｿ｡繝ｪ繧ｹ繝亥叙蠕励お繝ｩ繝ｼ[sql=select c.id, c.created_at, c.updated_at, name, rs_id from contact c left join user u on c.user_id = u.id where name like :query order by c.id asc limit :offset, 10][ContactDB.php:159]
2017/10/30 02:20:58 邂｡逅閠逕ｨ霑比ｿ｡繝ｪ繧ｹ繝域焚蜿門ｾ励お繝ｩ繝ｼ[sql=select count(*) from contact c left join user u on c.user_id = u.id where name like :query][ContactDB.php:179]
2017/10/30 02:50:14 SQLSTATE[HY000] [2002] 対象のコンピューターによって拒否されたため、接続できませんでした。
[Database.php:16]
2017/10/30 02:50:16 SQLSTATE[HY000] [2002] 対象のコンピューターによって拒否されたため、接続できませんでした。
[Database.php:16]
2017/12/03 17:48:11 SQLSTATE[HY000] [2002] 接続済みの呼び出し先が一定の時間を過ぎても正しく応答しなかったため、接続できませんでした。または接続済みのホストが応答しなかったため、確立された接続は失敗しました。
[Database.php:16]
2018/02/17 20:37:43 SQLSTATE[HY000] [1045] Access denied for user 'root'@'localhost' (using password: YES)[Database.php:16]
